<?xml version="1.0" encoding="UTF-8"?>
<testsuite name="tests.Tests" tests="1" skipped="0" failures="0" errors="0" timestamp="2024-01-21T21:18:34" hostname="K2000" time="0.021">
  <properties/>
  <testcase name="testGenerer1ChiffrePositif()" classname="tests.Tests" time="0.021"/>
  <system-out><![CDATA[]]></system-out>
  <system-err><![CDATA[]]></system-err>
</testsuite>
